Using pre-set license
Built from '2020.3/staging' branch; Version is '2020.3.21f1 (a38c86f6690f) revision 10718342'; Using compiler version '192528614'; Build Type 'Release'
OS: 'Windows 10 Home Single Language; OS build 19042.1348; Version 2009; 64bit' Language: 'es' Physical Memory: 8034 MB
BatchMode: 1, IsHumanControllingUs: 0, StartBugReporterOnCrash: 0, Is64bit: 1, IsPro: 0

COMMAND LINE ARGUMENTS:
C:\Program Files\Unity\Hub\Editor\2020.3.21f1\Editor\Unity.exe
-adb2
-batchMode
-noUpm
-name
AssetImportWorker5
-projectPath
C:/Users/Alber/Desktop/GitHubRepositories/CitySimulation/Reto
-logFile
Logs/AssetImportWorker5.log
-srvPort
52934
Successfully changed project path to: C:/Users/Alber/Desktop/GitHubRepositories/CitySimulation/Reto
C:/Users/Alber/Desktop/GitHubRepositories/CitySimulation/Reto
Using Asset Import Pipeline V2.
Refreshing native plugins compatible for Editor in 43.20 ms, found 2 plugins.
Preloading 0 native plugins for Editor in 0.00 ms.
Initialize engine version: 2020.3.21f1 (a38c86f6690f)
[Subsystems] Discovering subsystems at path C:/Program Files/Unity/Hub/Editor/2020.3.21f1/Editor/Data/Resources/UnitySubsystems
[Subsystems] Discovering subsystems at path C:/Users/Alber/Desktop/GitHubRepositories/CitySimulation/Reto/Assets
GfxDevice: creating device client; threaded=0
Direct3D:
    Version:  Direct3D 11.0 [level 11.1]
    Renderer: NVIDIA GeForce GTX 1050 Ti (ID=0x1c8c)
    Vendor:   
    VRAM:     4018 MB
    Driver:   27.21.14.6192
Initialize mono
Mono path[0] = 'C:/Program Files/Unity/Hub/Editor/2020.3.21f1/Editor/Data/Managed'
Mono path[1] = 'C:/Program Files/Unity/Hub/Editor/2020.3.21f1/Editor/Data/MonoBleedingEdge/lib/mono/unityjit'
Mono config path = 'C:/Program Files/Unity/Hub/Editor/2020.3.21f1/Editor/Data/MonoBleedingEdge/etc'
Using monoOptions --debugger-agent=transport=dt_socket,embedding=1,server=y,suspend=n,address=127.0.0.1:56204
Begin MonoManager ReloadAssembly
Registering precompiled unity dll's ...
Register platform support module: C:/Program Files/Unity/Hub/Editor/2020.3.21f1/Editor/Data/PlaybackEngines/WindowsStandaloneSupport/UnityEditor.WindowsStandalone.Extensions.dll
Registered in 0.003307 seconds.
Native extension for WindowsStandalone target not found
Refreshing native plugins compatible for Editor in 40.84 ms, found 2 plugins.
Preloading 0 native plugins for Editor in 0.00 ms.
Mono: successfully reloaded assembly
- Completed reload, in  1.482 seconds
Domain Reload Profiling:
	ReloadAssembly (1482ms)
		BeginReloadAssembly (73ms)
			ExecutionOrderSort (0ms)
			DisableScriptedObjects (0ms)
			BackupInstance (0ms)
			ReleaseScriptingObjects (0ms)
			CreateAndSetChildDomain (1ms)
		EndReloadAssembly (575ms)
			LoadAssemblies (70ms)
			RebuildTransferFunctionScriptingTraits (0ms)
			SetupTypeCache (197ms)
			ReleaseScriptCaches (0ms)
			RebuildScriptCaches (39ms)
			SetupLoadedEditorAssemblies (207ms)
				LogAssemblyErrors (0ms)
				InitializePlatformSupportModulesInManaged (4ms)
				SetLoadedEditorAssemblies (0ms)
				RefreshPlugins (41ms)
				BeforeProcessingInitializeOnLoad (17ms)
				ProcessInitializeOnLoadAttributes (108ms)
				ProcessInitializeOnLoadMethodAttributes (37ms)
				AfterProcessingInitializeOnLoad (0ms)
				EditorAssembliesLoaded (0ms)
			ExecutionOrderSort2 (0ms)
			AwakeInstancesAfterBackupRestoration (0ms)
Platform modules already initialized, skipping
Registering precompiled user dll's ...
Registered in 0.008639 seconds.
Begin MonoManager ReloadAssembly
Native extension for WindowsStandalone target not found
Refreshing native plugins compatible for Editor in 0.34 ms, found 2 plugins.
Preloading 0 native plugins for Editor in 0.00 ms.
Mono: successfully reloaded assembly
- Completed reload, in  1.450 seconds
Domain Reload Profiling:
	ReloadAssembly (1451ms)
		BeginReloadAssembly (203ms)
			ExecutionOrderSort (0ms)
			DisableScriptedObjects (6ms)
			BackupInstance (0ms)
			ReleaseScriptingObjects (0ms)
			CreateAndSetChildDomain (27ms)
		EndReloadAssembly (1166ms)
			LoadAssemblies (127ms)
			RebuildTransferFunctionScriptingTraits (0ms)
			SetupTypeCache (336ms)
			ReleaseScriptCaches (0ms)
			RebuildScriptCaches (44ms)
			SetupLoadedEditorAssemblies (569ms)
				LogAssemblyErrors (0ms)
				InitializePlatformSupportModulesInManaged (5ms)
				SetLoadedEditorAssemblies (0ms)
				RefreshPlugins (0ms)
				BeforeProcessingInitializeOnLoad (108ms)
				ProcessInitializeOnLoadAttributes (330ms)
				ProcessInitializeOnLoadMethodAttributes (115ms)
				AfterProcessingInitializeOnLoad (10ms)
				EditorAssembliesLoaded (0ms)
			ExecutionOrderSort2 (0ms)
			AwakeInstancesAfterBackupRestoration (7ms)
Platform modules already initialized, skipping
========================================================================
Worker process is ready to serve import requests
Launched and connected shader compiler UnityShaderCompiler.exe after 0.25 seconds
Refreshing native plugins compatible for Editor in 0.81 ms, found 2 plugins.
Preloading 0 native plugins for Editor in 0.00 ms.
Unloading 1488 Unused Serialized files (Serialized files now loaded: 0)
System memory in use before: 67.5 MB.
System memory in use after: 67.5 MB.

Unloading 19 unused Assets to reduce memory usage. Loaded Objects now: 1921.
Total: 45.089200 ms (FindLiveObjects: 0.154300 ms CreateObjectMapping: 0.040500 ms MarkObjects: 44.816600 ms  DeleteObjects: 0.076200 ms)

AssetImportParameters requested are different than current active one (requested -> active):
  custom:framework-win-MediaFoundation: 216162199b28c13a410421893ffa2e32 -> 
  custom:video-decoder-ogg-theora: a1e56fd34408186e4bbccfd4996cb3dc -> 
  custom:container-muxer-webm: aa71ff27fc2769a1b78a27578f13a17b -> 
  custom:container-demuxer-webm: 4f35f7cbe854078d1ac9338744f61a02 -> 
  custom:container-demuxer-ogg: 62fdf1f143b41e24485cea50d1cbac27 -> 
  custom:video-encoder-webm-vp8: eb34c28f22e8b96e1ab97ce403110664 -> 
  custom:video-decoder-webm-vp8: 9c59270c3fd7afecdb556c50c9e8de78 -> 
  custom:audio-decoder-ogg-vorbis: bf7c407c2cedff20999df2af8eb42d56 -> 
  custom:audio-encoder-webm-vorbis: bf7c407c2cedff20999df2af8eb42d56 -> 
========================================================================
Received Import Request.
  path: Assets/Prefabs
  artifactKey: Guid(084467cd08bbb20498ca768f41977894) Importer(815301076,1909f56bfc062723c751e8b465ee728b)
Start importing Assets/Prefabs using Guid(084467cd08bbb20498ca768f41977894) Importer(815301076,1909f56bfc062723c751e8b465ee728b)  -> (artifact id: 'b291c224f25759c613f937e92ac7a337') in 0.039704 seconds 
  Import took 0.042171 seconds .

========================================================================
Received Import Request.
  Time since last request: 0.000327 seconds.
  path: Assets/Prefabs/NavigationController.prefab
  artifactKey: Guid(1c085edc677441546b58bb2b29e63f02) Importer(815301076,1909f56bfc062723c751e8b465ee728b)
Start importing Assets/Prefabs/NavigationController.prefab using Guid(1c085edc677441546b58bb2b29e63f02) Importer(815301076,1909f56bfc062723c751e8b465ee728b)  -> (artifact id: '093185705997d955b7b09710af7c490f') in 0.421803 seconds 
  Import took 0.484952 seconds .

========================================================================
Received Import Request.
  Time since last request: 0.000456 seconds.
  path: Assets/Prefabs/Ciudad.prefab
  artifactKey: Guid(e75dfac7ff51d7241afb3bbf6bf8b49a) Importer(815301076,1909f56bfc062723c751e8b465ee728b)
Start importing Assets/Prefabs/Ciudad.prefab using Guid(e75dfac7ff51d7241afb3bbf6bf8b49a) Importer(815301076,1909f56bfc062723c751e8b465ee728b)  -> (artifact id: 'b8e0ac70b8ed0936eead09444cf0bf74') in 0.728519 seconds 
  Import took 0.734460 seconds .

========================================================================
Received Import Request.
  Time since last request: 21.214918 seconds.
  path: Assets/Decorations
  artifactKey: Guid(e51b14651f41a3541880e28e01a23c2e) Importer(815301076,1909f56bfc062723c751e8b465ee728b)
Start importing Assets/Decorations using Guid(e51b14651f41a3541880e28e01a23c2e) Importer(815301076,1909f56bfc062723c751e8b465ee728b)  -> (artifact id: '1be187e843760e1963b94a38671ad6d6') in 0.002912 seconds 
  Import took 0.008808 seconds .

========================================================================
Received Import Request.
  Time since last request: 0.150556 seconds.
  path: Assets/Decorations/bench_1_v_2.fbx
  artifactKey: Guid(119998b4b71309b4797177897219b79c) Importer(815301076,1909f56bfc062723c751e8b465ee728b)
Start importing Assets/Decorations/bench_1_v_2.fbx using Guid(119998b4b71309b4797177897219b79c) Importer(815301076,1909f56bfc062723c751e8b465ee728b)  -> (artifact id: '8a14d34725220dae36c42fe24f30efaa') in 0.830937 seconds 
  Import took 0.870576 seconds .

========================================================================
Received Import Request.
  Time since last request: 0.000316 seconds.
  path: Assets/Decorations/road_intersection_X 1.fbx
  artifactKey: Guid(30b62ebb1b2c74445adf93ec7865cfdb) Importer(815301076,1909f56bfc062723c751e8b465ee728b)
Start importing Assets/Decorations/road_intersection_X 1.fbx using Guid(30b62ebb1b2c74445adf93ec7865cfdb) Importer(815301076,1909f56bfc062723c751e8b465ee728b)  -> (artifact id: '3f8d9245e89faecc295af2e7b2d1567b') in 0.021417 seconds 
  Import took 0.032328 seconds .

========================================================================
Received Import Request.
  Time since last request: 0.000505 seconds.
  path: Assets/Decorations/fence_2.fbx
  artifactKey: Guid(c31d491304d6f444ab1c77751822a980) Importer(815301076,1909f56bfc062723c751e8b465ee728b)
Start importing Assets/Decorations/fence_2.fbx using Guid(c31d491304d6f444ab1c77751822a980) Importer(815301076,1909f56bfc062723c751e8b465ee728b)  -> (artifact id: 'e4dd6fd644451e1fd6aba0cc8defe8dc') in 0.080131 seconds 
  Import took 0.084078 seconds .

========================================================================
Received Import Request.
  Time since last request: 0.000353 seconds.
  path: Assets/Decorations/road_v_5.fbx
  artifactKey: Guid(33993229e0b9e1e438449cfb1a82a91a) Importer(815301076,1909f56bfc062723c751e8b465ee728b)
Start importing Assets/Decorations/road_v_5.fbx using Guid(33993229e0b9e1e438449cfb1a82a91a) Importer(815301076,1909f56bfc062723c751e8b465ee728b)  -> (artifact id: 'b36deb6fc7781cdc42d5de0ec2553142') in 0.034459 seconds 
  Import took 0.038047 seconds .

========================================================================
Received Import Request.
  Time since last request: 0.000443 seconds.
  path: Assets/Decorations/road_stop.fbx
  artifactKey: Guid(bc014c26716b82a4dba4ae3c3bbf1d0b) Importer(815301076,1909f56bfc062723c751e8b465ee728b)
Start importing Assets/Decorations/road_stop.fbx using Guid(bc014c26716b82a4dba4ae3c3bbf1d0b) Importer(815301076,1909f56bfc062723c751e8b465ee728b)  -> (artifact id: 'c448a80f644a247ef25e41680f8c2398') in 0.033538 seconds 
  Import took 0.072559 seconds .

========================================================================
Received Import Request.
  Time since last request: 0.000595 seconds.
  path: Assets/Decorations/tree_6.fbx
  artifactKey: Guid(1c4a01c675c9bad4f866874a3de82730) Importer(815301076,1909f56bfc062723c751e8b465ee728b)
Start importing Assets/Decorations/tree_6.fbx using Guid(1c4a01c675c9bad4f866874a3de82730) Importer(815301076,1909f56bfc062723c751e8b465ee728b)  -> (artifact id: '5f6a4d5ec88de24e9e7c1e8676b45422') in 0.036774 seconds 
  Import took 0.145852 seconds .

========================================================================
Received Import Request.
  Time since last request: 0.000344 seconds.
  path: Assets/Decorations/street_lamp_3.fbx
  artifactKey: Guid(0a4e70f10d5ae9643878997861cd8b80) Importer(815301076,1909f56bfc062723c751e8b465ee728b)
Start importing Assets/Decorations/street_lamp_3.fbx using Guid(0a4e70f10d5ae9643878997861cd8b80) Importer(815301076,1909f56bfc062723c751e8b465ee728b)  -> (artifact id: '27c1a74216881aa9b3bed611804617c1') in 0.027272 seconds 
  Import took 0.030831 seconds .

========================================================================
Received Import Request.
  Time since last request: 0.001428 seconds.
  path: Assets/Decorations/road_intersection_T.fbx
  artifactKey: Guid(8bcfdd1caed6d2a488dcdc220b13f8cb) Importer(815301076,1909f56bfc062723c751e8b465ee728b)
Start importing Assets/Decorations/road_intersection_T.fbx using Guid(8bcfdd1caed6d2a488dcdc220b13f8cb) Importer(815301076,1909f56bfc062723c751e8b465ee728b)  -> (artifact id: 'c813cdca8f4fdf5c7ddda02456f409b4') in 0.025087 seconds 
  Import took 0.122130 seconds .

========================================================================
Received Import Request.
  Time since last request: 0.000416 seconds.
  path: Assets/Decorations/street_lamp_2.fbx
  artifactKey: Guid(48517754e0e013546accce0287ea9c2f) Importer(815301076,1909f56bfc062723c751e8b465ee728b)
Start importing Assets/Decorations/street_lamp_2.fbx using Guid(48517754e0e013546accce0287ea9c2f) Importer(815301076,1909f56bfc062723c751e8b465ee728b)  -> (artifact id: '48bc614f791c6441f97895833b3b4a15') in 0.026570 seconds 
  Import took 0.030364 seconds .

========================================================================
Received Import Request.
  Time since last request: 0.000441 seconds.
  path: Assets/Decorations/road.fbx
  artifactKey: Guid(bdbd9d7226778fd4b8192cf3df5e028d) Importer(815301076,1909f56bfc062723c751e8b465ee728b)
Start importing Assets/Decorations/road.fbx using Guid(bdbd9d7226778fd4b8192cf3df5e028d) Importer(815301076,1909f56bfc062723c751e8b465ee728b)  -> (artifact id: 'f5c232f62355c8eb4a7def100e4eba6a') in 0.025014 seconds 
  Import took 0.050157 seconds .

========================================================================
Received Import Request.
  Time since last request: 0.000389 seconds.
  path: Assets/Decorations/tree_1.fbx
  artifactKey: Guid(0001ef2c9558aba49a7eb3ef1ad3b64d) Importer(815301076,1909f56bfc062723c751e8b465ee728b)
Start importing Assets/Decorations/tree_1.fbx using Guid(0001ef2c9558aba49a7eb3ef1ad3b64d) Importer(815301076,1909f56bfc062723c751e8b465ee728b)  -> (artifact id: '37fdfa4639bcf56207be2f3c399bdacb') in 0.022201 seconds 
  Import took 0.025587 seconds .

========================================================================
Received Import Request.
  Time since last request: 0.000381 seconds.
  path: Assets/Decorations/road_intersection_L.fbx
  artifactKey: Guid(4d8e62f5885b4c746ad9a100c401d90b) Importer(815301076,1909f56bfc062723c751e8b465ee728b)
Start importing Assets/Decorations/road_intersection_L.fbx using Guid(4d8e62f5885b4c746ad9a100c401d90b) Importer(815301076,1909f56bfc062723c751e8b465ee728b)  -> (artifact id: '3411fa9a7d53be69ce8e4f0f0ec49073') in 0.028169 seconds 
  Import took 0.039024 seconds .

========================================================================
Received Import Request.
  Time since last request: 0.000403 seconds.
  path: Assets/Decorations/street_lamp_1.fbx
  artifactKey: Guid(e05292a117908484b8f0bb664bf154ff) Importer(815301076,1909f56bfc062723c751e8b465ee728b)
Start importing Assets/Decorations/street_lamp_1.fbx using Guid(e05292a117908484b8f0bb664bf154ff) Importer(815301076,1909f56bfc062723c751e8b465ee728b)  -> (artifact id: '38df5bf1529d66c92cfea14c188b0097') in 0.032764 seconds 
  Import took 0.163553 seconds .

========================================================================
Received Import Request.
  Time since last request: 0.510281 seconds.
  path: Assets/Buildings
  artifactKey: Guid(df4b9d75fc585f74b819aeaf44b93936) Importer(815301076,1909f56bfc062723c751e8b465ee728b)
Start importing Assets/Buildings using Guid(df4b9d75fc585f74b819aeaf44b93936) Importer(815301076,1909f56bfc062723c751e8b465ee728b)  -> (artifact id: '4a77895572689efb2378d8ea1e6e96d6') in 0.004058 seconds 
  Import took 0.009037 seconds .

========================================================================
Received Import Request.
  Time since last request: 0.079571 seconds.
  path: Assets/Buildings/computer_store.fbx
  artifactKey: Guid(a5fd7f6de6af2c74f8d74c0d0f861e2e) Importer(815301076,1909f56bfc062723c751e8b465ee728b)
Start importing Assets/Buildings/computer_store.fbx using Guid(a5fd7f6de6af2c74f8d74c0d0f861e2e) Importer(815301076,1909f56bfc062723c751e8b465ee728b)  -> (artifact id: 'cd97fd88fe3ae97b3fa61532bcb4a86c') in 0.022876 seconds 
  Import took 0.487585 seconds .

========================================================================
Received Import Request.
  Time since last request: 0.000309 seconds.
  path: Assets/Buildings/toy_factory.fbx
  artifactKey: Guid(773b447b5f21e56438236fcdf3b9b30a) Importer(815301076,1909f56bfc062723c751e8b465ee728b)
Start importing Assets/Buildings/toy_factory.fbx using Guid(773b447b5f21e56438236fcdf3b9b30a) Importer(815301076,1909f56bfc062723c751e8b465ee728b)  -> (artifact id: '9198338dc03602a1b7cf21d10f6138cd') in 0.022975 seconds 
  Import took 0.027106 seconds .

========================================================================
Received Import Request.
  Time since last request: 0.000806 seconds.
  path: Assets/Buildings/house_2_v_13.fbx
  artifactKey: Guid(3b0dd5b2427346240915120de69abfe0) Importer(815301076,1909f56bfc062723c751e8b465ee728b)
Start importing Assets/Buildings/house_2_v_13.fbx using Guid(3b0dd5b2427346240915120de69abfe0) Importer(815301076,1909f56bfc062723c751e8b465ee728b)  -> (artifact id: '9eded8c5035043e8d622949fdc181198') in 0.023371 seconds 
  Import took 0.351300 seconds .

========================================================================
Received Import Request.
  Time since last request: 0.000469 seconds.
  path: Assets/Buildings/house_2_v_1.fbx
  artifactKey: Guid(89dc16182088c0e469111bbd0406a344) Importer(815301076,1909f56bfc062723c751e8b465ee728b)
Start importing Assets/Buildings/house_2_v_1.fbx using Guid(89dc16182088c0e469111bbd0406a344) Importer(815301076,1909f56bfc062723c751e8b465ee728b)  -> (artifact id: '83850b56595d9d8d435c00477431094a') in 0.020549 seconds 
  Import took 0.226408 seconds .

========================================================================
Received Import Request.
  Time since last request: 0.000274 seconds.
  path: Assets/Buildings/house_2_v_28.fbx
  artifactKey: Guid(81274c5c3c17e614f82e69120e65eadc) Importer(815301076,1909f56bfc062723c751e8b465ee728b)
Start importing Assets/Buildings/house_2_v_28.fbx using Guid(81274c5c3c17e614f82e69120e65eadc) Importer(815301076,1909f56bfc062723c751e8b465ee728b)  -> (artifact id: '5915935d35b053ce194b4b0a9545ac20') in 0.027126 seconds 
  Import took 0.031091 seconds .

========================================================================
Received Import Request.
  Time since last request: 0.000405 seconds.
  path: Assets/Buildings/publisher.fbx
  artifactKey: Guid(f785bab3dff20a64d825fadd2e85cf98) Importer(815301076,1909f56bfc062723c751e8b465ee728b)
Start importing Assets/Buildings/publisher.fbx using Guid(f785bab3dff20a64d825fadd2e85cf98) Importer(815301076,1909f56bfc062723c751e8b465ee728b)  -> (artifact id: '309f438745b74dc2b6ea0fad156fce48') in 0.025283 seconds 
  Import took 0.217794 seconds .

========================================================================
Received Import Request.
  Time since last request: 0.000332 seconds.
  path: Assets/Buildings/university.fbx
  artifactKey: Guid(a75e0be201ab4934c8e02d63c6d26af6) Importer(815301076,1909f56bfc062723c751e8b465ee728b)
Start importing Assets/Buildings/university.fbx using Guid(a75e0be201ab4934c8e02d63c6d26af6) Importer(815301076,1909f56bfc062723c751e8b465ee728b)  -> (artifact id: 'ea607e3a49b05a366dc2cf8df090ec46') in 0.027527 seconds 
  Import took 0.124000 seconds .

========================================================================
Received Import Request.
  Time since last request: 0.000300 seconds.
  path: Assets/Buildings/house_2_v_5.fbx
  artifactKey: Guid(4bd170f19c37d0b48a85f1f2f24866f0) Importer(815301076,1909f56bfc062723c751e8b465ee728b)
Start importing Assets/Buildings/house_2_v_5.fbx using Guid(4bd170f19c37d0b48a85f1f2f24866f0) Importer(815301076,1909f56bfc062723c751e8b465ee728b)  -> (artifact id: '8bd0ffea545b6ac7b7c990d1818bc79a') in 0.079032 seconds 
  Import took 0.081838 seconds .

========================================================================
Received Import Request.
  Time since last request: 0.000282 seconds.
  path: Assets/Buildings/tree_plantation.fbx
  artifactKey: Guid(614ea66fbc1ad5b419525776ae45054f) Importer(815301076,1909f56bfc062723c751e8b465ee728b)
Start importing Assets/Buildings/tree_plantation.fbx using Guid(614ea66fbc1ad5b419525776ae45054f) Importer(815301076,1909f56bfc062723c751e8b465ee728b)  -> (artifact id: '43cad932dbd2e22867125de8de68590d') in 0.389788 seconds 
  Import took 0.392815 seconds .

========================================================================
Received Import Request.
  Time since last request: 0.000324 seconds.
  path: Assets/Buildings/house_2_v_6.fbx
  artifactKey: Guid(c506096798388f045a996b9f6841df1a) Importer(815301076,1909f56bfc062723c751e8b465ee728b)
Start importing Assets/Buildings/house_2_v_6.fbx using Guid(c506096798388f045a996b9f6841df1a) Importer(815301076,1909f56bfc062723c751e8b465ee728b)  -> (artifact id: '6598e5be34d01ee96852fc20c5d41f9e') in 0.026683 seconds 
  Import took 0.029960 seconds .

========================================================================
Received Import Request.
  Time since last request: 0.335338 seconds.
  path: Assets/Buildings/Materials
  artifactKey: Guid(f86f5c1f1d9d1b041b5e127fa992d4cd) Importer(815301076,1909f56bfc062723c751e8b465ee728b)
Start importing Assets/Buildings/Materials using Guid(f86f5c1f1d9d1b041b5e127fa992d4cd) Importer(815301076,1909f56bfc062723c751e8b465ee728b)  -> (artifact id: '5c20d2ea92fd774dd178899b12df159f') in 0.003771 seconds 
  Import took 0.008592 seconds .

========================================================================
Received Import Request.
  Time since last request: 0.274505 seconds.
  path: Assets/Buildings/Materials/blue.mat
  artifactKey: Guid(8a2f7d47e2d132243a2116ce64679a9c) Importer(815301076,1909f56bfc062723c751e8b465ee728b)
Start importing Assets/Buildings/Materials/blue.mat using Guid(8a2f7d47e2d132243a2116ce64679a9c) Importer(815301076,1909f56bfc062723c751e8b465ee728b)  -> (artifact id: '1a0519267c91909f8d7859e8f55bd133') in 0.630076 seconds 
  Import took 0.633071 seconds .

========================================================================
Received Import Request.
  Time since last request: 0.000391 seconds.
  path: Assets/Buildings/Materials/green.mat
  artifactKey: Guid(95f4e8ac89c60734a86307face746d60) Importer(815301076,1909f56bfc062723c751e8b465ee728b)
Start importing Assets/Buildings/Materials/green.mat using Guid(95f4e8ac89c60734a86307face746d60) Importer(815301076,1909f56bfc062723c751e8b465ee728b)  -> (artifact id: '1f904b83c18812664ba64a374c4ffe17') in 0.020016 seconds 
  Import took 0.022781 seconds .

========================================================================
Received Import Request.
  Time since last request: 0.000653 seconds.
  path: Assets/Buildings/Materials/white.mat
  artifactKey: Guid(f8e72d38ec25d3e4c924fe7949dbbeed) Importer(815301076,1909f56bfc062723c751e8b465ee728b)
Start importing Assets/Buildings/Materials/white.mat using Guid(f8e72d38ec25d3e4c924fe7949dbbeed) Importer(815301076,1909f56bfc062723c751e8b465ee728b)  -> (artifact id: '2524fac4f06ac55bb2a29dc97af0bf2c') in 0.009883 seconds 
  Import took 0.015475 seconds .

========================================================================
Received Import Request.
  Time since last request: 0.000263 seconds.
  path: Assets/Buildings/Materials/house_roof.mat
  artifactKey: Guid(f753a95fa3d5c7b4a928e262bef41036) Importer(815301076,1909f56bfc062723c751e8b465ee728b)
Start importing Assets/Buildings/Materials/house_roof.mat using Guid(f753a95fa3d5c7b4a928e262bef41036) Importer(815301076,1909f56bfc062723c751e8b465ee728b)  -> (artifact id: '980fa22d63461d86f7ddbe301b99aa72') in 0.017333 seconds 
  Import took 0.082846 seconds .

========================================================================
Received Import Request.
  Time since last request: 0.000454 seconds.
  path: Assets/Buildings/Materials/dark.mat
  artifactKey: Guid(6149970bab001f3429b5773075400d94) Importer(815301076,1909f56bfc062723c751e8b465ee728b)
Start importing Assets/Buildings/Materials/dark.mat using Guid(6149970bab001f3429b5773075400d94) Importer(815301076,1909f56bfc062723c751e8b465ee728b)  -> (artifact id: '4a37888325863b47893ba110ba198d51') in 0.017830 seconds 
  Import took 0.020587 seconds .

========================================================================
Received Import Request.
  Time since last request: 0.000355 seconds.
  path: Assets/Buildings/Materials/blue_3.mat
  artifactKey: Guid(a4397fa7ec38bde4f9479a1b97b90d42) Importer(815301076,1909f56bfc062723c751e8b465ee728b)
Start importing Assets/Buildings/Materials/blue_3.mat using Guid(a4397fa7ec38bde4f9479a1b97b90d42) Importer(815301076,1909f56bfc062723c751e8b465ee728b)  -> (artifact id: '55a15284c6984f4f260915eb0a6e7038') in 0.115686 seconds 
  Import took 0.118289 seconds .

========================================================================
Received Import Request.
  Time since last request: 0.000636 seconds.
  path: Assets/Buildings/Materials/nowy2.mat
  artifactKey: Guid(0ef04b9868dfc414bb22a1d02cdb3bdf) Importer(815301076,1909f56bfc062723c751e8b465ee728b)
Start importing Assets/Buildings/Materials/nowy2.mat using Guid(0ef04b9868dfc414bb22a1d02cdb3bdf) Importer(815301076,1909f56bfc062723c751e8b465ee728b)  -> (artifact id: 'f570acf2d0253e6711cc1146122c3459') in 0.013407 seconds 
  Import took 0.060172 seconds .

========================================================================
Received Import Request.
  Time since last request: 0.000521 seconds.
  path: Assets/Buildings/Materials/mat_005.mat
  artifactKey: Guid(42499714dc099134284c163cb814c8de) Importer(815301076,1909f56bfc062723c751e8b465ee728b)
Start importing Assets/Buildings/Materials/mat_005.mat using Guid(42499714dc099134284c163cb814c8de) Importer(815301076,1909f56bfc062723c751e8b465ee728b)  -> (artifact id: 'b7854df72a31e85c3f41f0cc2323647f') in 0.031746 seconds 
  Import took 0.034891 seconds .

========================================================================
Received Import Request.
  Time since last request: 0.000339 seconds.
  path: Assets/Buildings/Materials/blue_2.mat
  artifactKey: Guid(7bbb6349256a5e545b62a498145ad7db) Importer(815301076,1909f56bfc062723c751e8b465ee728b)
Start importing Assets/Buildings/Materials/blue_2.mat using Guid(7bbb6349256a5e545b62a498145ad7db) Importer(815301076,1909f56bfc062723c751e8b465ee728b)  -> (artifact id: '812f284f364eb248bf2ddf5b0dccd279') in 0.012222 seconds 
  Import took 0.055603 seconds .

========================================================================
Received Import Request.
  Time since last request: 0.000451 seconds.
  path: Assets/Buildings/Materials/mat_016.mat
  artifactKey: Guid(473d7f25d7ac87e43a7bfb7b40b806c9) Importer(815301076,1909f56bfc062723c751e8b465ee728b)
Start importing Assets/Buildings/Materials/mat_016.mat using Guid(473d7f25d7ac87e43a7bfb7b40b806c9) Importer(815301076,1909f56bfc062723c751e8b465ee728b)  -> (artifact id: 'f81b7b3f214bd3a2de5cb613e1ed4a74') in 0.014335 seconds 
  Import took 0.018824 seconds .

========================================================================
Received Import Request.
  Time since last request: 0.000466 seconds.
  path: Assets/Buildings/Materials/red_2.mat
  artifactKey: Guid(dd85904dbff75324591e64896cddd928) Importer(815301076,1909f56bfc062723c751e8b465ee728b)
Start importing Assets/Buildings/Materials/red_2.mat using Guid(dd85904dbff75324591e64896cddd928) Importer(815301076,1909f56bfc062723c751e8b465ee728b)  -> (artifact id: '26a2612aa62a116a80b2691709416744') in 0.014809 seconds 
  Import took 0.022964 seconds .

========================================================================
Received Import Request.
  Time since last request: 0.000551 seconds.
  path: Assets/Buildings/Materials/green_001.mat
  artifactKey: Guid(b98f13efd1d879842a65822156ef53fd) Importer(815301076,1909f56bfc062723c751e8b465ee728b)
Start importing Assets/Buildings/Materials/green_001.mat using Guid(b98f13efd1d879842a65822156ef53fd) Importer(815301076,1909f56bfc062723c751e8b465ee728b)  -> (artifact id: '6c0d6aa43d7d37f10da05d7eb76d58b8') in 0.178439 seconds 
  Import took 0.181847 seconds .

========================================================================
Received Import Request.
  Time since last request: 0.000371 seconds.
  path: Assets/Buildings/Materials/mat_033.mat
  artifactKey: Guid(6c5f18a4d0df475479b0859ba8138b4c) Importer(815301076,1909f56bfc062723c751e8b465ee728b)
Start importing Assets/Buildings/Materials/mat_033.mat using Guid(6c5f18a4d0df475479b0859ba8138b4c) Importer(815301076,1909f56bfc062723c751e8b465ee728b)  -> (artifact id: '67bdf9ab4d526e2c6c669ab3325e9dc0') in 0.010282 seconds 
  Import took 0.013672 seconds .

========================================================================
Received Import Request.
  Time since last request: 0.000286 seconds.
  path: Assets/Buildings/Materials/mat_038.mat
  artifactKey: Guid(3e56ece2e1116884a9c9329e2488f105) Importer(815301076,1909f56bfc062723c751e8b465ee728b)
Start importing Assets/Buildings/Materials/mat_038.mat using Guid(3e56ece2e1116884a9c9329e2488f105) Importer(815301076,1909f56bfc062723c751e8b465ee728b)  -> (artifact id: '5c1859acf77775408dfb6cf4f60262b4') in 0.068875 seconds 
  Import took 0.071971 seconds .

========================================================================
Received Import Request.
  Time since last request: 0.000535 seconds.
  path: Assets/Buildings/Materials/white_2P.mat
  artifactKey: Guid(151a15f6b7b721d4786866f9983d5d34) Importer(815301076,1909f56bfc062723c751e8b465ee728b)
Start importing Assets/Buildings/Materials/white_2P.mat using Guid(151a15f6b7b721d4786866f9983d5d34) Importer(815301076,1909f56bfc062723c751e8b465ee728b)  -> (artifact id: '46435f9e1592f05298f278f817aec12d') in 0.014933 seconds 
  Import took 0.017352 seconds .

========================================================================
Received Import Request.
  Time since last request: 0.000373 seconds.
  path: Assets/Buildings/Materials/yellow_2.mat
  artifactKey: Guid(79f74eacc5ac6b54eba5f675df472fef) Importer(815301076,1909f56bfc062723c751e8b465ee728b)
Start importing Assets/Buildings/Materials/yellow_2.mat using Guid(79f74eacc5ac6b54eba5f675df472fef) Importer(815301076,1909f56bfc062723c751e8b465ee728b)  -> (artifact id: '96f26db5fc7310295d15dc8af8a924f0') in 0.014307 seconds 
  Import took 0.108915 seconds .

========================================================================
Received Import Request.
  Time since last request: 0.000320 seconds.
  path: Assets/Buildings/Materials/bright_green.mat
  artifactKey: Guid(4fe229b2d25565748a911830ab166af6) Importer(815301076,1909f56bfc062723c751e8b465ee728b)
Start importing Assets/Buildings/Materials/bright_green.mat using Guid(4fe229b2d25565748a911830ab166af6) Importer(815301076,1909f56bfc062723c751e8b465ee728b)  -> (artifact id: 'ad597694c2a526cdb7aeaa767403f994') in 0.067518 seconds 
  Import took 0.070616 seconds .

========================================================================
Received Import Request.
  Time since last request: 0.000298 seconds.
  path: Assets/Buildings/Materials/mat_031.mat
  artifactKey: Guid(84488870b9830004ca53ab1f0d4b7c89) Importer(815301076,1909f56bfc062723c751e8b465ee728b)
Start importing Assets/Buildings/Materials/mat_031.mat using Guid(84488870b9830004ca53ab1f0d4b7c89) Importer(815301076,1909f56bfc062723c751e8b465ee728b)  -> (artifact id: 'b56539a1cc26fca2384229b8ed0b2ca2') in 0.161893 seconds 
  Import took 0.164209 seconds .

========================================================================
Received Import Request.
  Time since last request: 0.000432 seconds.
  path: Assets/Buildings/Materials/gray.mat
  artifactKey: Guid(a941546ed3509a5418833dc559e9e3a5) Importer(815301076,1909f56bfc062723c751e8b465ee728b)
Start importing Assets/Buildings/Materials/gray.mat using Guid(a941546ed3509a5418833dc559e9e3a5) Importer(815301076,1909f56bfc062723c751e8b465ee728b)  -> (artifact id: 'ad6f2fec1102ac62882da17a5396169b') in 0.007241 seconds 
  Import took 0.009849 seconds .

========================================================================
Received Import Request.
  Time since last request: 0.000602 seconds.
  path: Assets/Buildings/Materials/mat_034.mat
  artifactKey: Guid(442c9972dc3526f4888c83dd72cac397) Importer(815301076,1909f56bfc062723c751e8b465ee728b)
Start importing Assets/Buildings/Materials/mat_034.mat using Guid(442c9972dc3526f4888c83dd72cac397) Importer(815301076,1909f56bfc062723c751e8b465ee728b)  -> (artifact id: '137f7a877b620cdb6706ca25b63d1c80') in 0.007638 seconds 
  Import took 0.010837 seconds .

========================================================================
Received Import Request.
  Time since last request: 0.000280 seconds.
  path: Assets/Buildings/Materials/dark_blue.mat
  artifactKey: Guid(102bae77eac3d8747b1ad278ad01d1b7) Importer(815301076,1909f56bfc062723c751e8b465ee728b)
Start importing Assets/Buildings/Materials/dark_blue.mat using Guid(102bae77eac3d8747b1ad278ad01d1b7) Importer(815301076,1909f56bfc062723c751e8b465ee728b)  -> (artifact id: '70eeabcd1198125e9979af003b08432d') in 0.009167 seconds 
  Import took 0.021357 seconds .

========================================================================
Received Import Request.
  Time since last request: 0.000374 seconds.
  path: Assets/Buildings/Materials/window.mat
  artifactKey: Guid(327f45092c16f2d4e9f498d1b5c84175) Importer(815301076,1909f56bfc062723c751e8b465ee728b)
Start importing Assets/Buildings/Materials/window.mat using Guid(327f45092c16f2d4e9f498d1b5c84175) Importer(815301076,1909f56bfc062723c751e8b465ee728b)  -> (artifact id: '7af0fb444785994cfe722d9838083184') in 0.008415 seconds 
  Import took 0.039246 seconds .

========================================================================
Received Import Request.
  Time since last request: 0.000361 seconds.
  path: Assets/Buildings/Materials/pink.mat
  artifactKey: Guid(88f83d5e94a1573488053e0f1668ef7d) Importer(815301076,1909f56bfc062723c751e8b465ee728b)
Start importing Assets/Buildings/Materials/pink.mat using Guid(88f83d5e94a1573488053e0f1668ef7d) Importer(815301076,1909f56bfc062723c751e8b465ee728b)  -> (artifact id: 'd69c3b1b47ad120279ae67d620d72382') in 0.072660 seconds 
  Import took 0.075240 seconds .

========================================================================
Received Import Request.
  Time since last request: 0.000524 seconds.
  path: Assets/Buildings/Materials/brown.mat
  artifactKey: Guid(d14afe0b179d2f24e95e6dbc3d596886) Importer(815301076,1909f56bfc062723c751e8b465ee728b)
Start importing Assets/Buildings/Materials/brown.mat using Guid(d14afe0b179d2f24e95e6dbc3d596886) Importer(815301076,1909f56bfc062723c751e8b465ee728b)  -> (artifact id: '7f049ba23f69df353171c01f6c5ea6b7') in 0.008925 seconds 
  Import took 0.012318 seconds .

========================================================================
Received Import Request.
  Time since last request: 0.000489 seconds.
  path: Assets/Buildings/Materials/bright_yellow.mat
  artifactKey: Guid(b988e357788cf684e889ec1b97f47735) Importer(815301076,1909f56bfc062723c751e8b465ee728b)
Start importing Assets/Buildings/Materials/bright_yellow.mat using Guid(b988e357788cf684e889ec1b97f47735) Importer(815301076,1909f56bfc062723c751e8b465ee728b)  -> (artifact id: '21b75a4ded355c8c7b8b960c6dece06f') in 0.019240 seconds 
  Import took 0.051057 seconds .

========================================================================
Received Import Request.
  Time since last request: 0.000422 seconds.
  path: Assets/Buildings/Materials/yellow.mat
  artifactKey: Guid(1cf2c069277a26849adb459b3f9cd778) Importer(815301076,1909f56bfc062723c751e8b465ee728b)
Start importing Assets/Buildings/Materials/yellow.mat using Guid(1cf2c069277a26849adb459b3f9cd778) Importer(815301076,1909f56bfc062723c751e8b465ee728b)  -> (artifact id: '4afa881249061808f5300e3c6e436fee') in 0.012497 seconds 
  Import took 0.015384 seconds .

========================================================================
Received Prepare
Registering precompiled user dll's ...
Registered in 0.352850 seconds.
Begin MonoManager ReloadAssembly
Native extension for WindowsStandalone target not found
Refreshing native plugins compatible for Editor in 0.40 ms, found 2 plugins.
Preloading 0 native plugins for Editor in 0.00 ms.
Mono: successfully reloaded assembly
- Completed reload, in  1.578 seconds
Domain Reload Profiling:
	ReloadAssembly (1578ms)
		BeginReloadAssembly (115ms)
			ExecutionOrderSort (0ms)
			DisableScriptedObjects (5ms)
			BackupInstance (0ms)
			ReleaseScriptingObjects (0ms)
			CreateAndSetChildDomain (35ms)
		EndReloadAssembly (1402ms)
			LoadAssemblies (623ms)
			RebuildTransferFunctionScriptingTraits (0ms)
			SetupTypeCache (273ms)
			ReleaseScriptCaches (1ms)
			RebuildScriptCaches (35ms)
			SetupLoadedEditorAssemblies (380ms)
				LogAssemblyErrors (0ms)
				InitializePlatformSupportModulesInManaged (6ms)
				SetLoadedEditorAssemblies (0ms)
				RefreshPlugins (1ms)
				BeforeProcessingInitializeOnLoad (116ms)
				ProcessInitializeOnLoadAttributes (238ms)
				ProcessInitializeOnLoadMethodAttributes (11ms)
				AfterProcessingInitializeOnLoad (8ms)
				EditorAssembliesLoaded (0ms)
			ExecutionOrderSort2 (0ms)
			AwakeInstancesAfterBackupRestoration (8ms)
Platform modules already initialized, skipping
Refreshing native plugins compatible for Editor in 0.60 ms, found 2 plugins.
Preloading 0 native plugins for Editor in 0.00 ms.
Unloading 1482 Unused Serialized files (Serialized files now loaded: 0)
System memory in use before: 70.9 MB.
System memory in use after: 71.0 MB.

Unloading 14 unused Assets to reduce memory usage. Loaded Objects now: 1966.
Total: 5.186800 ms (FindLiveObjects: 0.503700 ms CreateObjectMapping: 0.160500 ms MarkObjects: 4.461900 ms  DeleteObjects: 0.054600 ms)

AssetImportParameters requested are different than current active one (requested -> active):
  custom:framework-win-MediaFoundation: 216162199b28c13a410421893ffa2e32 -> 
  custom:video-decoder-ogg-theora: a1e56fd34408186e4bbccfd4996cb3dc -> 
  custom:container-muxer-webm: aa71ff27fc2769a1b78a27578f13a17b -> 
  custom:container-demuxer-webm: 4f35f7cbe854078d1ac9338744f61a02 -> 
  custom:container-demuxer-ogg: 62fdf1f143b41e24485cea50d1cbac27 -> 
  custom:video-encoder-webm-vp8: eb34c28f22e8b96e1ab97ce403110664 -> 
  custom:video-decoder-webm-vp8: 9c59270c3fd7afecdb556c50c9e8de78 -> 
  custom:audio-decoder-ogg-vorbis: bf7c407c2cedff20999df2af8eb42d56 -> 
  custom:audio-encoder-webm-vorbis: bf7c407c2cedff20999df2af8eb42d56 -> 
========================================================================
Received Import Request.
  Time since last request: 162.291950 seconds.
  path: Assets/Scenes/SampleScene.unity
  artifactKey: Guid(9fc0d4010bbf28b4594072e72b8655ab) Importer(815301076,1909f56bfc062723c751e8b465ee728b)
Start importing Assets/Scenes/SampleScene.unity using Guid(9fc0d4010bbf28b4594072e72b8655ab) Importer(815301076,1909f56bfc062723c751e8b465ee728b)  -> (artifact id: 'eca3b62a2926473975a53176998449b6') in 0.015545 seconds 
  Import took 0.115777 seconds .

========================================================================
Received Import Request.
  Time since last request: 16.666481 seconds.
  path: Assets/Scenes/Reto.unity
  artifactKey: Guid(f98e45c74e862ff4787bcceedca1a84b) Importer(815301076,1909f56bfc062723c751e8b465ee728b)
Start importing Assets/Scenes/Reto.unity using Guid(f98e45c74e862ff4787bcceedca1a84b) Importer(815301076,1909f56bfc062723c751e8b465ee728b)  -> (artifact id: '5b9d0000082af21a5c796e78b4f84fc3') in 0.004199 seconds 
  Import took 0.007491 seconds .

AssetImportWorkerClient::OnTransportError - code=2 error=End of file
