Using pre-set license
Built from '2020.3/staging' branch; Version is '2020.3.21f1 (a38c86f6690f) revision 10718342'; Using compiler version '192528614'; Build Type 'Release'
OS: 'Windows 10 Pro; OS build 19042.1348; Version 2009; 64bit' Language: 'en' Physical Memory: 16316 MB
BatchMode: 1, IsHumanControllingUs: 0, StartBugReporterOnCrash: 0, Is64bit: 1, IsPro: 0

COMMAND LINE ARGUMENTS:
C:\Program Files\Unity\Hub\Editor\2020.3.21f1\Editor\Unity.exe
-adb2
-batchMode
-noUpm
-name
AssetImportWorker0
-projectPath
C:/Users/jose/Documents/Scripts/Reto/Reto
-logFile
Logs/AssetImportWorker0.log
-srvPort
52085
Successfully changed project path to: C:/Users/jose/Documents/Scripts/Reto/Reto
C:/Users/jose/Documents/Scripts/Reto/Reto
Using Asset Import Pipeline V2.
Refreshing native plugins compatible for Editor in 33.01 ms, found 2 plugins.
Preloading 0 native plugins for Editor in 0.00 ms.
Initialize engine version: 2020.3.21f1 (a38c86f6690f)
[Subsystems] Discovering subsystems at path C:/Program Files/Unity/Hub/Editor/2020.3.21f1/Editor/Data/Resources/UnitySubsystems
[Subsystems] Discovering subsystems at path C:/Users/jose/Documents/Scripts/Reto/Reto/Assets
GfxDevice: creating device client; threaded=0
Direct3D:
    Version:  Direct3D 11.0 [level 11.1]
    Renderer: NVIDIA GeForce GTX 970 (ID=0x13c2)
    Vendor:   
    VRAM:     4043 MB
    Driver:   30.0.14.9649
Initialize mono
Mono path[0] = 'C:/Program Files/Unity/Hub/Editor/2020.3.21f1/Editor/Data/Managed'
Mono path[1] = 'C:/Program Files/Unity/Hub/Editor/2020.3.21f1/Editor/Data/MonoBleedingEdge/lib/mono/unityjit'
Mono config path = 'C:/Program Files/Unity/Hub/Editor/2020.3.21f1/Editor/Data/MonoBleedingEdge/etc'
Using monoOptions --debugger-agent=transport=dt_socket,embedding=1,server=y,suspend=n,address=127.0.0.1:56120
Begin MonoManager ReloadAssembly
Registering precompiled unity dll's ...
Register platform support module: C:/Program Files/Unity/Hub/Editor/2020.3.21f1/Editor/Data/PlaybackEngines/MacStandaloneSupport/UnityEditor.OSXStandalone.Extensions.dll
Register platform support module: C:/Program Files/Unity/Hub/Editor/2020.3.21f1/Editor/Data/PlaybackEngines/WindowsStandaloneSupport/UnityEditor.WindowsStandalone.Extensions.dll
Register platform support module: C:/Program Files/Unity/Hub/Editor/2020.3.21f1/Editor/Data/PlaybackEngines/LinuxStandaloneSupport/UnityEditor.LinuxStandalone.Extensions.dll
Registered in 0.004537 seconds.
Native extension for LinuxStandalone target not found
Native extension for WindowsStandalone target not found
Native extension for OSXStandalone target not found
Refreshing native plugins compatible for Editor in 29.47 ms, found 2 plugins.
Preloading 0 native plugins for Editor in 0.00 ms.
Mono: successfully reloaded assembly
- Completed reload, in  1.229 seconds
Domain Reload Profiling:
	ReloadAssembly (1230ms)
		BeginReloadAssembly (65ms)
			ExecutionOrderSort (0ms)
			DisableScriptedObjects (0ms)
			BackupInstance (0ms)
			ReleaseScriptingObjects (0ms)
			CreateAndSetChildDomain (1ms)
		EndReloadAssembly (492ms)
			LoadAssemblies (62ms)
			RebuildTransferFunctionScriptingTraits (0ms)
			SetupTypeCache (193ms)
			ReleaseScriptCaches (0ms)
			RebuildScriptCaches (29ms)
			SetupLoadedEditorAssemblies (161ms)
				LogAssemblyErrors (0ms)
				InitializePlatformSupportModulesInManaged (7ms)
				SetLoadedEditorAssemblies (0ms)
				RefreshPlugins (30ms)
				BeforeProcessingInitializeOnLoad (9ms)
				ProcessInitializeOnLoadAttributes (86ms)
				ProcessInitializeOnLoadMethodAttributes (29ms)
				AfterProcessingInitializeOnLoad (0ms)
				EditorAssembliesLoaded (0ms)
			ExecutionOrderSort2 (0ms)
			AwakeInstancesAfterBackupRestoration (0ms)
Platform modules already initialized, skipping
Registering precompiled user dll's ...
Registered in 0.006943 seconds.
Begin MonoManager ReloadAssembly
Native extension for LinuxStandalone target not found
Native extension for WindowsStandalone target not found
Native extension for OSXStandalone target not found
Refreshing native plugins compatible for Editor in 0.38 ms, found 2 plugins.
Preloading 0 native plugins for Editor in 0.00 ms.
Mono: successfully reloaded assembly
- Completed reload, in  1.071 seconds
Domain Reload Profiling:
	ReloadAssembly (1072ms)
		BeginReloadAssembly (157ms)
			ExecutionOrderSort (0ms)
			DisableScriptedObjects (5ms)
			BackupInstance (0ms)
			ReleaseScriptingObjects (0ms)
			CreateAndSetChildDomain (20ms)
		EndReloadAssembly (842ms)
			LoadAssemblies (95ms)
			RebuildTransferFunctionScriptingTraits (0ms)
			SetupTypeCache (293ms)
			ReleaseScriptCaches (0ms)
			RebuildScriptCaches (41ms)
			SetupLoadedEditorAssemblies (308ms)
				LogAssemblyErrors (0ms)
				InitializePlatformSupportModulesInManaged (9ms)
				SetLoadedEditorAssemblies (0ms)
				RefreshPlugins (0ms)
				BeforeProcessingInitializeOnLoad (62ms)
				ProcessInitializeOnLoadAttributes (216ms)
				ProcessInitializeOnLoadMethodAttributes (9ms)
				AfterProcessingInitializeOnLoad (11ms)
				EditorAssembliesLoaded (0ms)
			ExecutionOrderSort2 (0ms)
			AwakeInstancesAfterBackupRestoration (7ms)
Platform modules already initialized, skipping
========================================================================
Worker process is ready to serve import requests
Launched and connected shader compiler UnityShaderCompiler.exe after 0.08 seconds
Refreshing native plugins compatible for Editor in 0.37 ms, found 2 plugins.
Preloading 0 native plugins for Editor in 0.00 ms.
Unloading 1488 Unused Serialized files (Serialized files now loaded: 0)
System memory in use before: 67.1 MB.
System memory in use after: 67.2 MB.

Unloading 19 unused Assets to reduce memory usage. Loaded Objects now: 1920.
Total: 2.616900 ms (FindLiveObjects: 0.137500 ms CreateObjectMapping: 0.050700 ms MarkObjects: 2.365600 ms  DeleteObjects: 0.062200 ms)

AssetImportParameters requested are different than current active one (requested -> active):
  custom:framework-win-MediaFoundation: 216162199b28c13a410421893ffa2e32 -> 
  custom:video-decoder-ogg-theora: a1e56fd34408186e4bbccfd4996cb3dc -> 
  custom:container-muxer-webm: aa71ff27fc2769a1b78a27578f13a17b -> 
  custom:container-demuxer-webm: 4f35f7cbe854078d1ac9338744f61a02 -> 
  custom:container-demuxer-ogg: 62fdf1f143b41e24485cea50d1cbac27 -> 
  custom:video-encoder-webm-vp8: eb34c28f22e8b96e1ab97ce403110664 -> 
  custom:video-decoder-webm-vp8: 9c59270c3fd7afecdb556c50c9e8de78 -> 
  custom:audio-decoder-ogg-vorbis: bf7c407c2cedff20999df2af8eb42d56 -> 
  custom:audio-encoder-webm-vorbis: bf7c407c2cedff20999df2af8eb42d56 -> 
========================================================================
Received Import Request.
  path: Assets/Prefabs
  artifactKey: Guid(084467cd08bbb20498ca768f41977894) Importer(815301076,1909f56bfc062723c751e8b465ee728b)
Start importing Assets/Prefabs using Guid(084467cd08bbb20498ca768f41977894) Importer(815301076,1909f56bfc062723c751e8b465ee728b)  -> (artifact id: '5054050201f2697a68b14c75e58779fc') in 0.006313 seconds 
  Import took 0.008698 seconds .

========================================================================
Received Import Request.
  Time since last request: 0.000186 seconds.
  path: Assets/Decorations
  artifactKey: Guid(e51b14651f41a3541880e28e01a23c2e) Importer(815301076,1909f56bfc062723c751e8b465ee728b)
Start importing Assets/Decorations using Guid(e51b14651f41a3541880e28e01a23c2e) Importer(815301076,1909f56bfc062723c751e8b465ee728b)  -> (artifact id: '016918a99628dc7f589a858b9c05be85') in 0.003134 seconds 
  Import took 0.005166 seconds .

========================================================================
Received Import Request.
  Time since last request: 0.000186 seconds.
  path: Assets/Decorations/road_intersection_X 1.fbx
  artifactKey: Guid(30b62ebb1b2c74445adf93ec7865cfdb) Importer(815301076,1909f56bfc062723c751e8b465ee728b)
Start importing Assets/Decorations/road_intersection_X 1.fbx using Guid(30b62ebb1b2c74445adf93ec7865cfdb) Importer(815301076,1909f56bfc062723c751e8b465ee728b)  -> (artifact id: '40c4eb45a146526c74ad5452b10d83ee') in 0.519750 seconds 
  Import took 0.522423 seconds .

========================================================================
Received Import Request.
  Time since last request: 0.000184 seconds.
  path: Assets/Decorations/fence_2.fbx
  artifactKey: Guid(c31d491304d6f444ab1c77751822a980) Importer(815301076,1909f56bfc062723c751e8b465ee728b)
Start importing Assets/Decorations/fence_2.fbx using Guid(c31d491304d6f444ab1c77751822a980) Importer(815301076,1909f56bfc062723c751e8b465ee728b)  -> (artifact id: '21eafdc6233685c97fb004e420ddaad2') in 0.015665 seconds 
  Import took 0.018270 seconds .

========================================================================
Received Import Request.
  Time since last request: 0.000218 seconds.
  path: Assets/Decorations/road_v_5.fbx
  artifactKey: Guid(33993229e0b9e1e438449cfb1a82a91a) Importer(815301076,1909f56bfc062723c751e8b465ee728b)
Start importing Assets/Decorations/road_v_5.fbx using Guid(33993229e0b9e1e438449cfb1a82a91a) Importer(815301076,1909f56bfc062723c751e8b465ee728b)  -> (artifact id: 'd44eff50563b7114ef017177ca54a1e6') in 0.017320 seconds 
  Import took 0.020273 seconds .

========================================================================
Received Import Request.
  Time since last request: 0.000237 seconds.
  path: Assets/Decorations/bench_1_v_2.fbx
  artifactKey: Guid(119998b4b71309b4797177897219b79c) Importer(815301076,1909f56bfc062723c751e8b465ee728b)
Start importing Assets/Decorations/bench_1_v_2.fbx using Guid(119998b4b71309b4797177897219b79c) Importer(815301076,1909f56bfc062723c751e8b465ee728b)  -> (artifact id: 'df7b73e114d48513ba426b9cd42efaa5') in 0.015992 seconds 
  Import took 0.019153 seconds .

========================================================================
Received Import Request.
  Time since last request: 0.000231 seconds.
  path: Assets/Decorations/road_stop.fbx
  artifactKey: Guid(bc014c26716b82a4dba4ae3c3bbf1d0b) Importer(815301076,1909f56bfc062723c751e8b465ee728b)
Start importing Assets/Decorations/road_stop.fbx using Guid(bc014c26716b82a4dba4ae3c3bbf1d0b) Importer(815301076,1909f56bfc062723c751e8b465ee728b)  -> (artifact id: '544a28ff66ff71b423b72e31e4d952f6') in 0.016730 seconds 
  Import took 0.019900 seconds .

========================================================================
Received Import Request.
  Time since last request: 0.000185 seconds.
  path: Assets/Decorations/tree_6.fbx
  artifactKey: Guid(1c4a01c675c9bad4f866874a3de82730) Importer(815301076,1909f56bfc062723c751e8b465ee728b)
Start importing Assets/Decorations/tree_6.fbx using Guid(1c4a01c675c9bad4f866874a3de82730) Importer(815301076,1909f56bfc062723c751e8b465ee728b)  -> (artifact id: 'bf781a06797b6d424f7f603f5db9f0ab') in 0.015044 seconds 
  Import took 0.017853 seconds .

========================================================================
Received Import Request.
  Time since last request: 0.000183 seconds.
  path: Assets/Decorations/street_lamp_3.fbx
  artifactKey: Guid(0a4e70f10d5ae9643878997861cd8b80) Importer(815301076,1909f56bfc062723c751e8b465ee728b)
Start importing Assets/Decorations/street_lamp_3.fbx using Guid(0a4e70f10d5ae9643878997861cd8b80) Importer(815301076,1909f56bfc062723c751e8b465ee728b)  -> (artifact id: 'f338c27e3bfdad0b9a05bb56f6391b99') in 0.015755 seconds 
  Import took 0.018963 seconds .

========================================================================
Received Import Request.
  Time since last request: 0.000222 seconds.
  path: Assets/Decorations/road_intersection_T.fbx
  artifactKey: Guid(8bcfdd1caed6d2a488dcdc220b13f8cb) Importer(815301076,1909f56bfc062723c751e8b465ee728b)
Start importing Assets/Decorations/road_intersection_T.fbx using Guid(8bcfdd1caed6d2a488dcdc220b13f8cb) Importer(815301076,1909f56bfc062723c751e8b465ee728b)  -> (artifact id: '7a82460bcfc473956698d6bc1002f719') in 0.016129 seconds 
  Import took 0.018818 seconds .

========================================================================
Received Import Request.
  Time since last request: 0.000199 seconds.
  path: Assets/Decorations/street_lamp_2.fbx
  artifactKey: Guid(48517754e0e013546accce0287ea9c2f) Importer(815301076,1909f56bfc062723c751e8b465ee728b)
Start importing Assets/Decorations/street_lamp_2.fbx using Guid(48517754e0e013546accce0287ea9c2f) Importer(815301076,1909f56bfc062723c751e8b465ee728b)  -> (artifact id: 'b4ada67985776a5ddaaf961fd7c6cb64') in 0.016254 seconds 
  Import took 0.019178 seconds .

========================================================================
Received Import Request.
  Time since last request: 0.000207 seconds.
  path: Assets/Decorations/road.fbx
  artifactKey: Guid(bdbd9d7226778fd4b8192cf3df5e028d) Importer(815301076,1909f56bfc062723c751e8b465ee728b)
Start importing Assets/Decorations/road.fbx using Guid(bdbd9d7226778fd4b8192cf3df5e028d) Importer(815301076,1909f56bfc062723c751e8b465ee728b)  -> (artifact id: '2279ba7e246222d5f36ee73fa7d60b4e') in 0.016693 seconds 
  Import took 0.019434 seconds .

========================================================================
Received Import Request.
  Time since last request: 0.000179 seconds.
  path: Assets/Scenes
  artifactKey: Guid(10d74acdf48512144a500962fc2dbccc) Importer(815301076,1909f56bfc062723c751e8b465ee728b)
Start importing Assets/Scenes using Guid(10d74acdf48512144a500962fc2dbccc) Importer(815301076,1909f56bfc062723c751e8b465ee728b)  -> (artifact id: 'e005b0b57a53dd2986e5e1740aaaf76c') in 0.003213 seconds 
  Import took 0.005604 seconds .

========================================================================
Received Import Request.
  Time since last request: 0.000230 seconds.
  path: Assets/Decorations/tree_1.fbx
  artifactKey: Guid(0001ef2c9558aba49a7eb3ef1ad3b64d) Importer(815301076,1909f56bfc062723c751e8b465ee728b)
Start importing Assets/Decorations/tree_1.fbx using Guid(0001ef2c9558aba49a7eb3ef1ad3b64d) Importer(815301076,1909f56bfc062723c751e8b465ee728b)  -> (artifact id: '86a53c5c8b0b99caf9bb876ce603cd9b') in 0.015375 seconds 
  Import took 0.018638 seconds .

========================================================================
Received Import Request.
  Time since last request: 0.000188 seconds.
  path: Assets/Prefabs/Ciudad.prefab
  artifactKey: Guid(e75dfac7ff51d7241afb3bbf6bf8b49a) Importer(815301076,1909f56bfc062723c751e8b465ee728b)
Start importing Assets/Prefabs/Ciudad.prefab using Guid(e75dfac7ff51d7241afb3bbf6bf8b49a) Importer(815301076,1909f56bfc062723c751e8b465ee728b)  -> (artifact id: 'fa84b0fb1965df6e28ef8c786429cb00') in 0.054734 seconds 
  Import took 0.059408 seconds .

========================================================================
Received Import Request.
  Time since last request: 0.000205 seconds.
  path: Assets/Decorations/road_intersection_L.fbx
  artifactKey: Guid(4d8e62f5885b4c746ad9a100c401d90b) Importer(815301076,1909f56bfc062723c751e8b465ee728b)
Start importing Assets/Decorations/road_intersection_L.fbx using Guid(4d8e62f5885b4c746ad9a100c401d90b) Importer(815301076,1909f56bfc062723c751e8b465ee728b)  -> (artifact id: '582f4d26d6b67fcc1eb3daeb58721e9d') in 0.016542 seconds 
  Import took 0.019541 seconds .

========================================================================
Received Import Request.
  Time since last request: 0.000195 seconds.
  path: Assets/Decorations/street_lamp_1.fbx
  artifactKey: Guid(e05292a117908484b8f0bb664bf154ff) Importer(815301076,1909f56bfc062723c751e8b465ee728b)
Start importing Assets/Decorations/street_lamp_1.fbx using Guid(e05292a117908484b8f0bb664bf154ff) Importer(815301076,1909f56bfc062723c751e8b465ee728b)  -> (artifact id: '1c86755af20733e333eb357a5618f614') in 0.015775 seconds 
  Import took 0.018449 seconds .

========================================================================
Received Import Request.
  Time since last request: 0.258084 seconds.
  path: Assets/Buildings
  artifactKey: Guid(df4b9d75fc585f74b819aeaf44b93936) Importer(815301076,1909f56bfc062723c751e8b465ee728b)
Start importing Assets/Buildings using Guid(df4b9d75fc585f74b819aeaf44b93936) Importer(815301076,1909f56bfc062723c751e8b465ee728b)  -> (artifact id: '1a71bc90b12ab329a0465fc186244d3d') in 0.003775 seconds 
  Import took 0.007263 seconds .

========================================================================
Received Import Request.
  Time since last request: 0.045924 seconds.
  path: Assets/Buildings/computer_store.fbx
  artifactKey: Guid(a5fd7f6de6af2c74f8d74c0d0f861e2e) Importer(815301076,1909f56bfc062723c751e8b465ee728b)
Start importing Assets/Buildings/computer_store.fbx using Guid(a5fd7f6de6af2c74f8d74c0d0f861e2e) Importer(815301076,1909f56bfc062723c751e8b465ee728b)  -> (artifact id: 'b9837c6695cb7366d1a71bc858535a8e') in 0.016043 seconds 
  Import took 0.018993 seconds .

========================================================================
Received Import Request.
  Time since last request: 0.000367 seconds.
  path: Assets/Buildings/toy_factory.fbx
  artifactKey: Guid(773b447b5f21e56438236fcdf3b9b30a) Importer(815301076,1909f56bfc062723c751e8b465ee728b)
Start importing Assets/Buildings/toy_factory.fbx using Guid(773b447b5f21e56438236fcdf3b9b30a) Importer(815301076,1909f56bfc062723c751e8b465ee728b)  -> (artifact id: 'cbd273870652a1a91f46f9b827a42bc0') in 0.016472 seconds 
  Import took 0.019633 seconds .

========================================================================
Received Import Request.
  Time since last request: 0.000234 seconds.
  path: Assets/Buildings/house_2_v_13.fbx
  artifactKey: Guid(3b0dd5b2427346240915120de69abfe0) Importer(815301076,1909f56bfc062723c751e8b465ee728b)
Start importing Assets/Buildings/house_2_v_13.fbx using Guid(3b0dd5b2427346240915120de69abfe0) Importer(815301076,1909f56bfc062723c751e8b465ee728b)  -> (artifact id: '21e21dcb2fb71cdbf03e0734c27fc609') in 0.016019 seconds 
  Import took 0.019108 seconds .

========================================================================
Received Import Request.
  Time since last request: 0.000202 seconds.
  path: Assets/Buildings/house_2_v_1.fbx
  artifactKey: Guid(89dc16182088c0e469111bbd0406a344) Importer(815301076,1909f56bfc062723c751e8b465ee728b)
Start importing Assets/Buildings/house_2_v_1.fbx using Guid(89dc16182088c0e469111bbd0406a344) Importer(815301076,1909f56bfc062723c751e8b465ee728b)  -> (artifact id: '764f6d78b62546e1b5445dc5238471ec') in 0.016900 seconds 
  Import took 0.019853 seconds .

========================================================================
Received Import Request.
  Time since last request: 0.000181 seconds.
  path: Assets/Buildings/house_2_v_28.fbx
  artifactKey: Guid(81274c5c3c17e614f82e69120e65eadc) Importer(815301076,1909f56bfc062723c751e8b465ee728b)
Start importing Assets/Buildings/house_2_v_28.fbx using Guid(81274c5c3c17e614f82e69120e65eadc) Importer(815301076,1909f56bfc062723c751e8b465ee728b)  -> (artifact id: '867aae3a65794965cc84888e7b84a669') in 0.016717 seconds 
  Import took 0.019720 seconds .

========================================================================
Received Import Request.
  Time since last request: 0.000204 seconds.
  path: Assets/Buildings/publisher.fbx
  artifactKey: Guid(f785bab3dff20a64d825fadd2e85cf98) Importer(815301076,1909f56bfc062723c751e8b465ee728b)
Start importing Assets/Buildings/publisher.fbx using Guid(f785bab3dff20a64d825fadd2e85cf98) Importer(815301076,1909f56bfc062723c751e8b465ee728b)  -> (artifact id: '6c8f33a2285913af317702dbc3a07bcb') in 0.018110 seconds 
  Import took 0.021333 seconds .

========================================================================
Received Import Request.
  Time since last request: 0.000170 seconds.
  path: Assets/Buildings/university.fbx
  artifactKey: Guid(a75e0be201ab4934c8e02d63c6d26af6) Importer(815301076,1909f56bfc062723c751e8b465ee728b)
Start importing Assets/Buildings/university.fbx using Guid(a75e0be201ab4934c8e02d63c6d26af6) Importer(815301076,1909f56bfc062723c751e8b465ee728b)  -> (artifact id: '00991279c6312654cf424e32b3dea242') in 0.017815 seconds 
  Import took 0.020620 seconds .

========================================================================
Received Import Request.
  Time since last request: 0.000177 seconds.
  path: Assets/Buildings/house_2_v_5.fbx
  artifactKey: Guid(4bd170f19c37d0b48a85f1f2f24866f0) Importer(815301076,1909f56bfc062723c751e8b465ee728b)
Start importing Assets/Buildings/house_2_v_5.fbx using Guid(4bd170f19c37d0b48a85f1f2f24866f0) Importer(815301076,1909f56bfc062723c751e8b465ee728b)  -> (artifact id: '0e688ec0630562d845e7787f3e734b33') in 0.017896 seconds 
  Import took 0.021099 seconds .

========================================================================
Received Import Request.
  Time since last request: 0.000193 seconds.
  path: Assets/Buildings/tree_plantation.fbx
  artifactKey: Guid(614ea66fbc1ad5b419525776ae45054f) Importer(815301076,1909f56bfc062723c751e8b465ee728b)
Start importing Assets/Buildings/tree_plantation.fbx using Guid(614ea66fbc1ad5b419525776ae45054f) Importer(815301076,1909f56bfc062723c751e8b465ee728b)  -> (artifact id: '8ac3c6a7ee8ca363e927e9aae8dad18b') in 0.016815 seconds 
  Import took 0.019837 seconds .

========================================================================
Received Import Request.
  Time since last request: 0.000225 seconds.
  path: Assets/Buildings/house_2_v_6.fbx
  artifactKey: Guid(c506096798388f045a996b9f6841df1a) Importer(815301076,1909f56bfc062723c751e8b465ee728b)
Start importing Assets/Buildings/house_2_v_6.fbx using Guid(c506096798388f045a996b9f6841df1a) Importer(815301076,1909f56bfc062723c751e8b465ee728b)  -> (artifact id: '15b60b3748f91e96d29866c17f41cc5f') in 0.016564 seconds 
  Import took 0.019811 seconds .

========================================================================
Received Import Request.
  Time since last request: 56.903745 seconds.
  path: Assets/Buildings/Materials
  artifactKey: Guid(f86f5c1f1d9d1b041b5e127fa992d4cd) Importer(815301076,1909f56bfc062723c751e8b465ee728b)
Start importing Assets/Buildings/Materials using Guid(f86f5c1f1d9d1b041b5e127fa992d4cd) Importer(815301076,1909f56bfc062723c751e8b465ee728b)  -> (artifact id: '1ceb37a6025486bbc4569d4a684ff386') in 0.003581 seconds 
  Import took 0.008686 seconds .

========================================================================
Received Import Request.
  Time since last request: 0.082855 seconds.
  path: Assets/Buildings/Materials/blue.mat
  artifactKey: Guid(8a2f7d47e2d132243a2116ce64679a9c) Importer(815301076,1909f56bfc062723c751e8b465ee728b)
Start importing Assets/Buildings/Materials/blue.mat using Guid(8a2f7d47e2d132243a2116ce64679a9c) Importer(815301076,1909f56bfc062723c751e8b465ee728b)  -> (artifact id: '13097886dde557dda47df9c9e2d60e02') in 0.048157 seconds 
  Import took 0.051183 seconds .

========================================================================
Received Import Request.
  Time since last request: 0.000202 seconds.
  path: Assets/Buildings/Materials/green.mat
  artifactKey: Guid(95f4e8ac89c60734a86307face746d60) Importer(815301076,1909f56bfc062723c751e8b465ee728b)
Start importing Assets/Buildings/Materials/green.mat using Guid(95f4e8ac89c60734a86307face746d60) Importer(815301076,1909f56bfc062723c751e8b465ee728b)  -> (artifact id: '161c95d1b3665ebe5bbe51a2588cc68a') in 0.009568 seconds 
  Import took 0.012267 seconds .

========================================================================
Received Import Request.
  Time since last request: 0.000201 seconds.
  path: Assets/Buildings/Materials/white.mat
  artifactKey: Guid(f8e72d38ec25d3e4c924fe7949dbbeed) Importer(815301076,1909f56bfc062723c751e8b465ee728b)
Start importing Assets/Buildings/Materials/white.mat using Guid(f8e72d38ec25d3e4c924fe7949dbbeed) Importer(815301076,1909f56bfc062723c751e8b465ee728b)  -> (artifact id: '65da42601322a013ba40eee197e8997a') in 0.011018 seconds 
  Import took 0.013517 seconds .

========================================================================
Received Import Request.
  Time since last request: 0.000189 seconds.
  path: Assets/Buildings/Materials/house_roof.mat
  artifactKey: Guid(f753a95fa3d5c7b4a928e262bef41036) Importer(815301076,1909f56bfc062723c751e8b465ee728b)
Start importing Assets/Buildings/Materials/house_roof.mat using Guid(f753a95fa3d5c7b4a928e262bef41036) Importer(815301076,1909f56bfc062723c751e8b465ee728b)  -> (artifact id: '3e2613223c910435f3b44717b02406ae') in 0.009709 seconds 
  Import took 0.012378 seconds .

========================================================================
Received Import Request.
  Time since last request: 0.000238 seconds.
  path: Assets/Buildings/Materials/dark.mat
  artifactKey: Guid(6149970bab001f3429b5773075400d94) Importer(815301076,1909f56bfc062723c751e8b465ee728b)
Start importing Assets/Buildings/Materials/dark.mat using Guid(6149970bab001f3429b5773075400d94) Importer(815301076,1909f56bfc062723c751e8b465ee728b)  -> (artifact id: '0431e6ce952b51fe4225b37415df8d38') in 0.008980 seconds 
  Import took 0.011600 seconds .

========================================================================
Received Import Request.
  Time since last request: 0.000264 seconds.
  path: Assets/Buildings/Materials/blue_3.mat
  artifactKey: Guid(a4397fa7ec38bde4f9479a1b97b90d42) Importer(815301076,1909f56bfc062723c751e8b465ee728b)
Start importing Assets/Buildings/Materials/blue_3.mat using Guid(a4397fa7ec38bde4f9479a1b97b90d42) Importer(815301076,1909f56bfc062723c751e8b465ee728b)  -> (artifact id: '99640d70689484036ebd08038656cb9a') in 0.010007 seconds 
  Import took 0.012966 seconds .

========================================================================
Received Import Request.
  Time since last request: 0.000166 seconds.
  path: Assets/Buildings/Materials/nowy2.mat
  artifactKey: Guid(0ef04b9868dfc414bb22a1d02cdb3bdf) Importer(815301076,1909f56bfc062723c751e8b465ee728b)
Start importing Assets/Buildings/Materials/nowy2.mat using Guid(0ef04b9868dfc414bb22a1d02cdb3bdf) Importer(815301076,1909f56bfc062723c751e8b465ee728b)  -> (artifact id: '0d890b101f94108e586b8aec9feceed4') in 0.009810 seconds 
  Import took 0.012434 seconds .

========================================================================
Received Import Request.
  Time since last request: 0.000214 seconds.
  path: Assets/Buildings/Materials/mat_005.mat
  artifactKey: Guid(42499714dc099134284c163cb814c8de) Importer(815301076,1909f56bfc062723c751e8b465ee728b)
Start importing Assets/Buildings/Materials/mat_005.mat using Guid(42499714dc099134284c163cb814c8de) Importer(815301076,1909f56bfc062723c751e8b465ee728b)  -> (artifact id: 'ae0a1c870d778cdb531a8a7e62a1d272') in 0.009476 seconds 
  Import took 0.011979 seconds .

========================================================================
Received Import Request.
  Time since last request: 0.000207 seconds.
  path: Assets/Buildings/Materials/blue_2.mat
  artifactKey: Guid(7bbb6349256a5e545b62a498145ad7db) Importer(815301076,1909f56bfc062723c751e8b465ee728b)
Start importing Assets/Buildings/Materials/blue_2.mat using Guid(7bbb6349256a5e545b62a498145ad7db) Importer(815301076,1909f56bfc062723c751e8b465ee728b)  -> (artifact id: 'c549809d08713fe9d6a3a85a7439ecf2') in 0.009800 seconds 
  Import took 0.012658 seconds .

========================================================================
Received Import Request.
  Time since last request: 0.000184 seconds.
  path: Assets/Buildings/Materials/mat_016.mat
  artifactKey: Guid(473d7f25d7ac87e43a7bfb7b40b806c9) Importer(815301076,1909f56bfc062723c751e8b465ee728b)
Start importing Assets/Buildings/Materials/mat_016.mat using Guid(473d7f25d7ac87e43a7bfb7b40b806c9) Importer(815301076,1909f56bfc062723c751e8b465ee728b)  -> (artifact id: '9317203bf2fa95f1a8e12f20c1b541ba') in 0.010337 seconds 
  Import took 0.013386 seconds .

========================================================================
Received Import Request.
  Time since last request: 0.000205 seconds.
  path: Assets/Buildings/Materials/red_2.mat
  artifactKey: Guid(dd85904dbff75324591e64896cddd928) Importer(815301076,1909f56bfc062723c751e8b465ee728b)
Start importing Assets/Buildings/Materials/red_2.mat using Guid(dd85904dbff75324591e64896cddd928) Importer(815301076,1909f56bfc062723c751e8b465ee728b)  -> (artifact id: 'f0355c09652c0390928d3504487e7386') in 0.010277 seconds 
  Import took 0.012930 seconds .

========================================================================
Received Import Request.
  Time since last request: 0.000193 seconds.
  path: Assets/Buildings/Materials/green_001.mat
  artifactKey: Guid(b98f13efd1d879842a65822156ef53fd) Importer(815301076,1909f56bfc062723c751e8b465ee728b)
Start importing Assets/Buildings/Materials/green_001.mat using Guid(b98f13efd1d879842a65822156ef53fd) Importer(815301076,1909f56bfc062723c751e8b465ee728b)  -> (artifact id: '1e3e3c467e4d99446d3656a696d689d9') in 0.010377 seconds 
  Import took 0.013183 seconds .

========================================================================
Received Import Request.
  Time since last request: 0.000204 seconds.
  path: Assets/Buildings/Materials/mat_033.mat
  artifactKey: Guid(6c5f18a4d0df475479b0859ba8138b4c) Importer(815301076,1909f56bfc062723c751e8b465ee728b)
Start importing Assets/Buildings/Materials/mat_033.mat using Guid(6c5f18a4d0df475479b0859ba8138b4c) Importer(815301076,1909f56bfc062723c751e8b465ee728b)  -> (artifact id: '2488c9abfa57034a9f346bb2278ba97b') in 0.010082 seconds 
  Import took 0.013084 seconds .

========================================================================
Received Import Request.
  Time since last request: 0.000238 seconds.
  path: Assets/Buildings/Materials/mat_038.mat
  artifactKey: Guid(3e56ece2e1116884a9c9329e2488f105) Importer(815301076,1909f56bfc062723c751e8b465ee728b)
Start importing Assets/Buildings/Materials/mat_038.mat using Guid(3e56ece2e1116884a9c9329e2488f105) Importer(815301076,1909f56bfc062723c751e8b465ee728b)  -> (artifact id: '0d72b2ff80bdb377984712afb085105f') in 0.010660 seconds 
  Import took 0.013734 seconds .

========================================================================
Received Import Request.
  Time since last request: 0.000229 seconds.
  path: Assets/Buildings/Materials/white_2P.mat
  artifactKey: Guid(151a15f6b7b721d4786866f9983d5d34) Importer(815301076,1909f56bfc062723c751e8b465ee728b)
Start importing Assets/Buildings/Materials/white_2P.mat using Guid(151a15f6b7b721d4786866f9983d5d34) Importer(815301076,1909f56bfc062723c751e8b465ee728b)  -> (artifact id: '8c806fdfa08ff37d2002ff03532eae8a') in 0.010038 seconds 
  Import took 0.013153 seconds .

========================================================================
Received Import Request.
  Time since last request: 0.000201 seconds.
  path: Assets/Buildings/Materials/yellow_2.mat
  artifactKey: Guid(79f74eacc5ac6b54eba5f675df472fef) Importer(815301076,1909f56bfc062723c751e8b465ee728b)
Start importing Assets/Buildings/Materials/yellow_2.mat using Guid(79f74eacc5ac6b54eba5f675df472fef) Importer(815301076,1909f56bfc062723c751e8b465ee728b)  -> (artifact id: '580f9b6c41d0a84e81529933acd2f194') in 0.010188 seconds 
  Import took 0.013060 seconds .

========================================================================
Received Import Request.
  Time since last request: 0.000174 seconds.
  path: Assets/Buildings/Materials/bright_green.mat
  artifactKey: Guid(4fe229b2d25565748a911830ab166af6) Importer(815301076,1909f56bfc062723c751e8b465ee728b)
Start importing Assets/Buildings/Materials/bright_green.mat using Guid(4fe229b2d25565748a911830ab166af6) Importer(815301076,1909f56bfc062723c751e8b465ee728b)  -> (artifact id: 'b0fc46142b99892438ccd973c0a98bb0') in 0.009957 seconds 
  Import took 0.012738 seconds .

========================================================================
Received Import Request.
  Time since last request: 0.000209 seconds.
  path: Assets/Buildings/Materials/mat_031.mat
  artifactKey: Guid(84488870b9830004ca53ab1f0d4b7c89) Importer(815301076,1909f56bfc062723c751e8b465ee728b)
Start importing Assets/Buildings/Materials/mat_031.mat using Guid(84488870b9830004ca53ab1f0d4b7c89) Importer(815301076,1909f56bfc062723c751e8b465ee728b)  -> (artifact id: 'f7ef36a7bfd69f5b0e53fb02023309b2') in 0.009712 seconds 
  Import took 0.012919 seconds .

========================================================================
Received Import Request.
  Time since last request: 0.000194 seconds.
  path: Assets/Buildings/Materials/gray.mat
  artifactKey: Guid(a941546ed3509a5418833dc559e9e3a5) Importer(815301076,1909f56bfc062723c751e8b465ee728b)
Start importing Assets/Buildings/Materials/gray.mat using Guid(a941546ed3509a5418833dc559e9e3a5) Importer(815301076,1909f56bfc062723c751e8b465ee728b)  -> (artifact id: '9c08600dca05197c68d5bffedd4c7cd0') in 0.009749 seconds 
  Import took 0.012668 seconds .

========================================================================
Received Import Request.
  Time since last request: 0.000164 seconds.
  path: Assets/Buildings/Materials/mat_034.mat
  artifactKey: Guid(442c9972dc3526f4888c83dd72cac397) Importer(815301076,1909f56bfc062723c751e8b465ee728b)
Start importing Assets/Buildings/Materials/mat_034.mat using Guid(442c9972dc3526f4888c83dd72cac397) Importer(815301076,1909f56bfc062723c751e8b465ee728b)  -> (artifact id: 'e8bc1e52cd7efddeb0423e251151ac56') in 0.011398 seconds 
  Import took 0.014097 seconds .

========================================================================
Received Import Request.
  Time since last request: 0.000185 seconds.
  path: Assets/Buildings/Materials/dark_blue.mat
  artifactKey: Guid(102bae77eac3d8747b1ad278ad01d1b7) Importer(815301076,1909f56bfc062723c751e8b465ee728b)
Start importing Assets/Buildings/Materials/dark_blue.mat using Guid(102bae77eac3d8747b1ad278ad01d1b7) Importer(815301076,1909f56bfc062723c751e8b465ee728b)  -> (artifact id: '5e98d3196e9028c9897818a04b6e8353') in 0.009913 seconds 
  Import took 0.012816 seconds .

========================================================================
Received Import Request.
  Time since last request: 0.000359 seconds.
  path: Assets/Buildings/Materials/window.mat
  artifactKey: Guid(327f45092c16f2d4e9f498d1b5c84175) Importer(815301076,1909f56bfc062723c751e8b465ee728b)
Start importing Assets/Buildings/Materials/window.mat using Guid(327f45092c16f2d4e9f498d1b5c84175) Importer(815301076,1909f56bfc062723c751e8b465ee728b)  -> (artifact id: 'a7679b435a4f088490539f476d974b06') in 0.010350 seconds 
  Import took 0.013507 seconds .

========================================================================
Received Import Request.
  Time since last request: 0.000223 seconds.
  path: Assets/Buildings/Materials/pink.mat
  artifactKey: Guid(88f83d5e94a1573488053e0f1668ef7d) Importer(815301076,1909f56bfc062723c751e8b465ee728b)
Start importing Assets/Buildings/Materials/pink.mat using Guid(88f83d5e94a1573488053e0f1668ef7d) Importer(815301076,1909f56bfc062723c751e8b465ee728b)  -> (artifact id: '71dbcc22d204918e838a2acea6baa8ee') in 0.010546 seconds 
  Import took 0.013838 seconds .

========================================================================
Received Import Request.
  Time since last request: 0.000181 seconds.
  path: Assets/Buildings/Materials/brown.mat
  artifactKey: Guid(d14afe0b179d2f24e95e6dbc3d596886) Importer(815301076,1909f56bfc062723c751e8b465ee728b)
Start importing Assets/Buildings/Materials/brown.mat using Guid(d14afe0b179d2f24e95e6dbc3d596886) Importer(815301076,1909f56bfc062723c751e8b465ee728b)  -> (artifact id: '08e8a4f1ac424e4096887e16358f46a5') in 0.009209 seconds 
  Import took 0.012297 seconds .

========================================================================
Received Import Request.
  Time since last request: 0.000195 seconds.
  path: Assets/Buildings/Materials/bright_yellow.mat
  artifactKey: Guid(b988e357788cf684e889ec1b97f47735) Importer(815301076,1909f56bfc062723c751e8b465ee728b)
Start importing Assets/Buildings/Materials/bright_yellow.mat using Guid(b988e357788cf684e889ec1b97f47735) Importer(815301076,1909f56bfc062723c751e8b465ee728b)  -> (artifact id: '38cc922fca3db9a9be1710e782b905c2') in 0.010996 seconds 
  Import took 0.014027 seconds .

========================================================================
Received Import Request.
  Time since last request: 0.000535 seconds.
  path: Assets/Buildings/Materials/yellow.mat
  artifactKey: Guid(1cf2c069277a26849adb459b3f9cd778) Importer(815301076,1909f56bfc062723c751e8b465ee728b)
Start importing Assets/Buildings/Materials/yellow.mat using Guid(1cf2c069277a26849adb459b3f9cd778) Importer(815301076,1909f56bfc062723c751e8b465ee728b)  -> (artifact id: '6b122c0748c1a6941d1a3e56e1726d4d') in 0.010533 seconds 
  Import took 0.013625 seconds .

========================================================================
Received Import Request.
  Time since last request: 7.085860 seconds.
  path: Assets
  artifactKey: Guid(00000000000000001000000000000000) Importer(815301076,1909f56bfc062723c751e8b465ee728b)
Start importing Assets using Guid(00000000000000001000000000000000) Importer(815301076,1909f56bfc062723c751e8b465ee728b)  -> (artifact id: '42d402b061de3733987d63b9cc3b64de') in 0.003442 seconds 
  Import took 0.006245 seconds .

========================================================================
Received Import Request.
  Time since last request: 453.607730 seconds.
  path: Assets/Prefabs/NavigationController.prefab
  artifactKey: Guid(1c085edc677441546b58bb2b29e63f02) Importer(815301076,1909f56bfc062723c751e8b465ee728b)
Start importing Assets/Prefabs/NavigationController.prefab using Guid(1c085edc677441546b58bb2b29e63f02) Importer(815301076,1909f56bfc062723c751e8b465ee728b)  -> (artifact id: '4ab982fbe43a749596216db12a26f6fd') in 0.007524 seconds 
  Import took 0.011137 seconds .

========================================================================
Received Import Request.
  Time since last request: 1723.141972 seconds.
  path: Assets/FunctionGen.cs
  artifactKey: Guid(355fe16de99b9f8488b61aca60f15138) Importer(815301076,1909f56bfc062723c751e8b465ee728b)
Start importing Assets/FunctionGen.cs using Guid(355fe16de99b9f8488b61aca60f15138) Importer(815301076,1909f56bfc062723c751e8b465ee728b)  -> (artifact id: '17a84557bae9207ddff96662c327504a') in 0.029230 seconds 
  Import took 0.032300 seconds .

========================================================================
Received Prepare
Registering precompiled user dll's ...
Registered in 0.006261 seconds.
Begin MonoManager ReloadAssembly
Native extension for LinuxStandalone target not found
Native extension for WindowsStandalone target not found
Native extension for OSXStandalone target not found
Refreshing native plugins compatible for Editor in 0.38 ms, found 2 plugins.
Preloading 0 native plugins for Editor in 0.00 ms.
Mono: successfully reloaded assembly
- Completed reload, in  1.638 seconds
Domain Reload Profiling:
	ReloadAssembly (1638ms)
		BeginReloadAssembly (122ms)
			ExecutionOrderSort (0ms)
			DisableScriptedObjects (4ms)
			BackupInstance (0ms)
			ReleaseScriptingObjects (0ms)
			CreateAndSetChildDomain (38ms)
		EndReloadAssembly (1444ms)
			LoadAssemblies (104ms)
			RebuildTransferFunctionScriptingTraits (0ms)
			SetupTypeCache (779ms)
			ReleaseScriptCaches (1ms)
			RebuildScriptCaches (59ms)
			SetupLoadedEditorAssemblies (347ms)
				LogAssemblyErrors (0ms)
				InitializePlatformSupportModulesInManaged (10ms)
				SetLoadedEditorAssemblies (1ms)
				RefreshPlugins (0ms)
				BeforeProcessingInitializeOnLoad (84ms)
				ProcessInitializeOnLoadAttributes (232ms)
				ProcessInitializeOnLoadMethodAttributes (9ms)
				AfterProcessingInitializeOnLoad (11ms)
				EditorAssembliesLoaded (0ms)
			ExecutionOrderSort2 (0ms)
			AwakeInstancesAfterBackupRestoration (8ms)
Platform modules already initialized, skipping
Refreshing native plugins compatible for Editor in 0.55 ms, found 2 plugins.
Preloading 0 native plugins for Editor in 0.00 ms.
Unloading 1483 Unused Serialized files (Serialized files now loaded: 0)
System memory in use before: 70.9 MB.
System memory in use after: 71.0 MB.

Unloading 14 unused Assets to reduce memory usage. Loaded Objects now: 1967.
Total: 3.061100 ms (FindLiveObjects: 0.196500 ms CreateObjectMapping: 0.052800 ms MarkObjects: 2.788700 ms  DeleteObjects: 0.021700 ms)

AssetImportParameters requested are different than current active one (requested -> active):
  custom:framework-win-MediaFoundation: 216162199b28c13a410421893ffa2e32 -> 
  custom:video-decoder-ogg-theora: a1e56fd34408186e4bbccfd4996cb3dc -> 
  custom:container-muxer-webm: aa71ff27fc2769a1b78a27578f13a17b -> 
  custom:container-demuxer-webm: 4f35f7cbe854078d1ac9338744f61a02 -> 
  custom:container-demuxer-ogg: 62fdf1f143b41e24485cea50d1cbac27 -> 
  custom:video-encoder-webm-vp8: eb34c28f22e8b96e1ab97ce403110664 -> 
  custom:video-decoder-webm-vp8: 9c59270c3fd7afecdb556c50c9e8de78 -> 
  custom:audio-decoder-ogg-vorbis: bf7c407c2cedff20999df2af8eb42d56 -> 
  custom:audio-encoder-webm-vorbis: bf7c407c2cedff20999df2af8eb42d56 -> 
========================================================================
Received Import Request.
  Time since last request: 248.267910 seconds.
  path: Assets/FunctionGen.cs
  artifactKey: Guid(355fe16de99b9f8488b61aca60f15138) Importer(815301076,1909f56bfc062723c751e8b465ee728b)
Start importing Assets/FunctionGen.cs using Guid(355fe16de99b9f8488b61aca60f15138) Importer(815301076,1909f56bfc062723c751e8b465ee728b)  -> (artifact id: '961e88770f0715a5d08df42210c521c0') in 0.010507 seconds 
  Import took 0.017670 seconds .

========================================================================
Received Import Request.
  Time since last request: 174.822123 seconds.
  path: Assets/FunctionGen.cs
  artifactKey: Guid(355fe16de99b9f8488b61aca60f15138) Importer(815301076,1909f56bfc062723c751e8b465ee728b)
Start importing Assets/FunctionGen.cs using Guid(355fe16de99b9f8488b61aca60f15138) Importer(815301076,1909f56bfc062723c751e8b465ee728b)  -> (artifact id: 'f24756a79fd60d1fb06a0a2545e53573') in 0.005732 seconds 
  Import took 0.011331 seconds .

========================================================================
Received Prepare
Registering precompiled user dll's ...
Registered in 0.007864 seconds.
Begin MonoManager ReloadAssembly
Native extension for LinuxStandalone target not found
Native extension for WindowsStandalone target not found
Native extension for OSXStandalone target not found
Refreshing native plugins compatible for Editor in 0.71 ms, found 2 plugins.
Preloading 0 native plugins for Editor in 0.00 ms.
Mono: successfully reloaded assembly
- Completed reload, in  1.320 seconds
Domain Reload Profiling:
	ReloadAssembly (1321ms)
		BeginReloadAssembly (151ms)
			ExecutionOrderSort (0ms)
			DisableScriptedObjects (6ms)
			BackupInstance (0ms)
			ReleaseScriptingObjects (0ms)
			CreateAndSetChildDomain (45ms)
		EndReloadAssembly (1085ms)
			LoadAssemblies (110ms)
			RebuildTransferFunctionScriptingTraits (0ms)
			SetupTypeCache (405ms)
			ReleaseScriptCaches (1ms)
			RebuildScriptCaches (66ms)
			SetupLoadedEditorAssemblies (387ms)
				LogAssemblyErrors (0ms)
				InitializePlatformSupportModulesInManaged (14ms)
				SetLoadedEditorAssemblies (1ms)
				RefreshPlugins (1ms)
				BeforeProcessingInitializeOnLoad (96ms)
				ProcessInitializeOnLoadAttributes (255ms)
				ProcessInitializeOnLoadMethodAttributes (9ms)
				AfterProcessingInitializeOnLoad (11ms)
				EditorAssembliesLoaded (0ms)
			ExecutionOrderSort2 (0ms)
			AwakeInstancesAfterBackupRestoration (8ms)
Platform modules already initialized, skipping
Refreshing native plugins compatible for Editor in 0.40 ms, found 2 plugins.
Preloading 0 native plugins for Editor in 0.00 ms.
Unloading 1482 Unused Serialized files (Serialized files now loaded: 0)
System memory in use before: 70.9 MB.
System memory in use after: 71.0 MB.

Unloading 15 unused Assets to reduce memory usage. Loaded Objects now: 1968.
Total: 2.952000 ms (FindLiveObjects: 0.169600 ms CreateObjectMapping: 0.052900 ms MarkObjects: 2.704100 ms  DeleteObjects: 0.024000 ms)

AssetImportParameters requested are different than current active one (requested -> active):
  custom:framework-win-MediaFoundation: 216162199b28c13a410421893ffa2e32 -> 
  custom:video-decoder-ogg-theora: a1e56fd34408186e4bbccfd4996cb3dc -> 
  custom:container-muxer-webm: aa71ff27fc2769a1b78a27578f13a17b -> 
  custom:container-demuxer-webm: 4f35f7cbe854078d1ac9338744f61a02 -> 
  custom:container-demuxer-ogg: 62fdf1f143b41e24485cea50d1cbac27 -> 
  custom:video-encoder-webm-vp8: eb34c28f22e8b96e1ab97ce403110664 -> 
  custom:video-decoder-webm-vp8: 9c59270c3fd7afecdb556c50c9e8de78 -> 
  custom:audio-decoder-ogg-vorbis: bf7c407c2cedff20999df2af8eb42d56 -> 
  custom:audio-encoder-webm-vorbis: bf7c407c2cedff20999df2af8eb42d56 -> 
